<?xml version="1.0" encoding="UTF-8"?>
<robot generator="Robot 6.1.1 (Python 3.10.12 on linux)" generated="20231116 18:27:30.227" rpa="false" schemaversion="4">
<suite id="s1" name="Tests" source="/home/hakkajoe/ohtu/palautusrepositorio/viikko3/web-login/src/tests">
<suite id="s1-s1" name="Home" source="/home/hakkajoe/ohtu/palautusrepositorio/viikko3/web-login/src/tests/home.robot">
<kw name="Open And Configure Browser" library="resource" type="SETUP">
<kw name="Evaluate" library="BuiltIn">
<var>${options}</var>
<arg>sys.modules['selenium.webdriver'].ChromeOptions()</arg>
<arg>sys</arg>
<doc>Evaluates the given expression in Python and returns the result.</doc>
<msg timestamp="20231116 18:27:30.361" level="INFO">${options} = &lt;selenium.webdriver.chrome.options.Options object at 0x7f8e3dd51780&gt;</msg>
<status status="PASS" starttime="20231116 18:27:30.361" endtime="20231116 18:27:30.362"/>
</kw>
<kw name="Call Method" library="BuiltIn">
<arg>${options}</arg>
<arg>add_argument</arg>
<arg>--no-sandbox</arg>
<doc>Calls the named method of the given object with the provided arguments.</doc>
<status status="PASS" starttime="20231116 18:27:30.362" endtime="20231116 18:27:30.362"/>
</kw>
<kw name="Call Method" library="BuiltIn">
<arg>${options}</arg>
<arg>add_argument</arg>
<arg>--headless</arg>
<doc>Calls the named method of the given object with the provided arguments.</doc>
<status status="PASS" starttime="20231116 18:27:30.362" endtime="20231116 18:27:30.362"/>
</kw>
<kw name="Open Browser" library="SeleniumLibrary">
<arg>browser=chrome</arg>
<arg>options=${options}</arg>
<doc>Opens a new browser instance to the optional ``url``.</doc>
<msg timestamp="20231116 18:27:30.363" level="INFO">Opening browser 'chrome' to base url 'None'.</msg>
<status status="PASS" starttime="20231116 18:27:30.362" endtime="20231116 18:27:31.038"/>
</kw>
<kw name="Set Selenium Speed" library="SeleniumLibrary">
<arg>${DELAY}</arg>
<doc>Sets the delay that is waited after each Selenium command.</doc>
<status status="PASS" starttime="20231116 18:27:31.038" endtime="20231116 18:27:31.039"/>
</kw>
<status status="PASS" starttime="20231116 18:27:30.361" endtime="20231116 18:27:31.039"/>
</kw>
<test id="s1-s1-t1" name="Click Login Link" line="8">
<kw name="Go To Main Page" library="resource" type="SETUP">
<kw name="Go To" library="SeleniumLibrary">
<arg>${HOME_URL}</arg>
<doc>Navigates the current browser window to the provided ``url``.</doc>
<msg timestamp="20231116 18:27:31.040" level="INFO">Opening url 'http://localhost:5001'</msg>
<status status="PASS" starttime="20231116 18:27:31.040" endtime="20231116 18:27:31.072"/>
</kw>
<status status="PASS" starttime="20231116 18:27:31.039" endtime="20231116 18:27:31.072"/>
</kw>
<kw name="Click Link" library="SeleniumLibrary">
<arg>Login</arg>
<doc>Clicks a link identified by ``locator``.</doc>
<msg timestamp="20231116 18:27:31.073" level="INFO">Clicking link 'Login'.</msg>
<status status="PASS" starttime="20231116 18:27:31.072" endtime="20231116 18:27:31.123"/>
</kw>
<kw name="Login Page Should Be Open" library="resource">
<kw name="Title Should Be" library="SeleniumLibrary">
<arg>Login</arg>
<doc>Verifies that the current page title equals ``title``.</doc>
<msg timestamp="20231116 18:27:31.126" level="INFO">Page title is 'Login'.</msg>
<status status="PASS" starttime="20231116 18:27:31.123" endtime="20231116 18:27:31.126"/>
</kw>
<status status="PASS" starttime="20231116 18:27:31.123" endtime="20231116 18:27:31.127"/>
</kw>
<status status="PASS" starttime="20231116 18:27:31.039" endtime="20231116 18:27:31.127"/>
</test>
<test id="s1-s1-t2" name="Click Register Link" line="12">
<kw name="Go To Main Page" library="resource" type="SETUP">
<kw name="Go To" library="SeleniumLibrary">
<arg>${HOME_URL}</arg>
<doc>Navigates the current browser window to the provided ``url``.</doc>
<msg timestamp="20231116 18:27:31.128" level="INFO">Opening url 'http://localhost:5001'</msg>
<status status="PASS" starttime="20231116 18:27:31.128" endtime="20231116 18:27:31.136"/>
</kw>
<status status="PASS" starttime="20231116 18:27:31.127" endtime="20231116 18:27:31.136"/>
</kw>
<kw name="Click Link" library="SeleniumLibrary">
<arg>Register new user</arg>
<doc>Clicks a link identified by ``locator``.</doc>
<msg timestamp="20231116 18:27:31.137" level="INFO">Clicking link 'Register new user'.</msg>
<status status="PASS" starttime="20231116 18:27:31.137" endtime="20231116 18:27:31.179"/>
</kw>
<kw name="Register Page Should Be Open" library="resource">
<kw name="Title Should Be" library="SeleniumLibrary">
<arg>Register</arg>
<doc>Verifies that the current page title equals ``title``.</doc>
<msg timestamp="20231116 18:27:31.182" level="INFO">Page title is 'Register'.</msg>
<status status="PASS" starttime="20231116 18:27:31.180" endtime="20231116 18:27:31.183"/>
</kw>
<status status="PASS" starttime="20231116 18:27:31.179" endtime="20231116 18:27:31.183"/>
</kw>
<status status="PASS" starttime="20231116 18:27:31.127" endtime="20231116 18:27:31.183"/>
</test>
<kw name="Close Browser" library="SeleniumLibrary" type="TEARDOWN">
<doc>Closes the current browser.</doc>
<status status="PASS" starttime="20231116 18:27:31.184" endtime="20231116 18:27:31.238"/>
</kw>
<status status="PASS" starttime="20231116 18:27:30.241" endtime="20231116 18:27:31.238"/>
</suite>
<suite id="s1-s2" name="Login" source="/home/hakkajoe/ohtu/palautusrepositorio/viikko3/web-login/src/tests/login.robot">
<kw name="Open And Configure Browser" library="resource" type="SETUP">
<kw name="Evaluate" library="BuiltIn">
<var>${options}</var>
<arg>sys.modules['selenium.webdriver'].ChromeOptions()</arg>
<arg>sys</arg>
<doc>Evaluates the given expression in Python and returns the result.</doc>
<msg timestamp="20231116 18:27:31.242" level="INFO">${options} = &lt;selenium.webdriver.chrome.options.Options object at 0x7f8e3dd53100&gt;</msg>
<status status="PASS" starttime="20231116 18:27:31.242" endtime="20231116 18:27:31.242"/>
</kw>
<kw name="Call Method" library="BuiltIn">
<arg>${options}</arg>
<arg>add_argument</arg>
<arg>--no-sandbox</arg>
<doc>Calls the named method of the given object with the provided arguments.</doc>
<status status="PASS" starttime="20231116 18:27:31.242" endtime="20231116 18:27:31.242"/>
</kw>
<kw name="Call Method" library="BuiltIn">
<arg>${options}</arg>
<arg>add_argument</arg>
<arg>--headless</arg>
<doc>Calls the named method of the given object with the provided arguments.</doc>
<status status="PASS" starttime="20231116 18:27:31.242" endtime="20231116 18:27:31.242"/>
</kw>
<kw name="Open Browser" library="SeleniumLibrary">
<arg>browser=chrome</arg>
<arg>options=${options}</arg>
<doc>Opens a new browser instance to the optional ``url``.</doc>
<msg timestamp="20231116 18:27:31.243" level="INFO">Opening browser 'chrome' to base url 'None'.</msg>
<status status="PASS" starttime="20231116 18:27:31.242" endtime="20231116 18:27:31.909"/>
</kw>
<kw name="Set Selenium Speed" library="SeleniumLibrary">
<arg>${DELAY}</arg>
<doc>Sets the delay that is waited after each Selenium command.</doc>
<status status="PASS" starttime="20231116 18:27:31.909" endtime="20231116 18:27:31.909"/>
</kw>
<status status="PASS" starttime="20231116 18:27:31.241" endtime="20231116 18:27:31.909"/>
</kw>
<test id="s1-s2-t1" name="Login With Correct Credentials" line="8">
<kw name="Create User And Go To Login Page" type="SETUP">
<kw name="Create User" library="AppLibrary">
<arg>kalle</arg>
<arg>kalle123</arg>
<status status="PASS" starttime="20231116 18:27:31.910" endtime="20231116 18:27:31.916"/>
</kw>
<kw name="Go To Login Page" library="resource">
<kw name="Go To" library="SeleniumLibrary">
<arg>${LOGIN_URL}</arg>
<doc>Navigates the current browser window to the provided ``url``.</doc>
<msg timestamp="20231116 18:27:31.916" level="INFO">Opening url 'http://localhost:5001/login'</msg>
<status status="PASS" starttime="20231116 18:27:31.916" endtime="20231116 18:27:31.950"/>
</kw>
<status status="PASS" starttime="20231116 18:27:31.916" endtime="20231116 18:27:31.950"/>
</kw>
<kw name="Login Page Should Be Open" library="resource">
<kw name="Title Should Be" library="SeleniumLibrary">
<arg>Login</arg>
<doc>Verifies that the current page title equals ``title``.</doc>
<msg timestamp="20231116 18:27:31.954" level="INFO">Page title is 'Login'.</msg>
<status status="PASS" starttime="20231116 18:27:31.950" endtime="20231116 18:27:31.954"/>
</kw>
<status status="PASS" starttime="20231116 18:27:31.950" endtime="20231116 18:27:31.954"/>
</kw>
<status status="PASS" starttime="20231116 18:27:31.910" endtime="20231116 18:27:31.954"/>
</kw>
<kw name="Set Username">
<arg>kalle</arg>
<kw name="Input Text" library="SeleniumLibrary">
<arg>username</arg>
<arg>${username}</arg>
<doc>Types the given ``text`` into the text field identified by ``locator``.</doc>
<msg timestamp="20231116 18:27:31.955" level="INFO">Typing text 'kalle' into text field 'username'.</msg>
<status status="PASS" starttime="20231116 18:27:31.955" endtime="20231116 18:27:32.028"/>
</kw>
<status status="PASS" starttime="20231116 18:27:31.954" endtime="20231116 18:27:32.029"/>
</kw>
<kw name="Set Password">
<arg>kalle123</arg>
<kw name="Input Password" library="SeleniumLibrary">
<arg>password</arg>
<arg>${password}</arg>
<doc>Types the given password into the text field identified by ``locator``.</doc>
<msg timestamp="20231116 18:27:32.029" level="INFO">Typing password into text field 'password'.</msg>
<msg timestamp="20231116 18:27:32.055" level="INFO">Temporally setting log level to: NONE</msg>
<msg timestamp="20231116 18:27:32.082" level="INFO">Log level changed from NONE to INFO.</msg>
<status status="PASS" starttime="20231116 18:27:32.029" endtime="20231116 18:27:32.082"/>
</kw>
<status status="PASS" starttime="20231116 18:27:32.029" endtime="20231116 18:27:32.082"/>
</kw>
<kw name="Submit Credentials">
<kw name="Click Button" library="SeleniumLibrary">
<arg>Login</arg>
<doc>Clicks the button identified by ``locator``.</doc>
<msg timestamp="20231116 18:27:32.083" level="INFO">Clicking button 'Login'.</msg>
<status status="PASS" starttime="20231116 18:27:32.083" endtime="20231116 18:27:32.136"/>
</kw>
<status status="PASS" starttime="20231116 18:27:32.083" endtime="20231116 18:27:32.136"/>
</kw>
<kw name="Login Should Succeed">
<kw name="Main Page Should Be Open" library="resource">
<kw name="Title Should Be" library="SeleniumLibrary">
<arg>Ohtu Application main page</arg>
<doc>Verifies that the current page title equals ``title``.</doc>
<msg timestamp="20231116 18:27:32.140" level="INFO">Page title is 'Ohtu Application main page'.</msg>
<status status="PASS" starttime="20231116 18:27:32.136" endtime="20231116 18:27:32.140"/>
</kw>
<status status="PASS" starttime="20231116 18:27:32.136" endtime="20231116 18:27:32.140"/>
</kw>
<status status="PASS" starttime="20231116 18:27:32.136" endtime="20231116 18:27:32.140"/>
</kw>
<status status="PASS" starttime="20231116 18:27:31.909" endtime="20231116 18:27:32.140"/>
</test>
<test id="s1-s2-t2" name="Login With Incorrect Password" line="14">
<kw name="Create User And Go To Login Page" type="SETUP">
<kw name="Create User" library="AppLibrary">
<arg>kalle</arg>
<arg>kalle123</arg>
<status status="PASS" starttime="20231116 18:27:32.141" endtime="20231116 18:27:32.148"/>
</kw>
<kw name="Go To Login Page" library="resource">
<kw name="Go To" library="SeleniumLibrary">
<arg>${LOGIN_URL}</arg>
<doc>Navigates the current browser window to the provided ``url``.</doc>
<msg timestamp="20231116 18:27:32.148" level="INFO">Opening url 'http://localhost:5001/login'</msg>
<status status="PASS" starttime="20231116 18:27:32.148" endtime="20231116 18:27:32.159"/>
</kw>
<status status="PASS" starttime="20231116 18:27:32.148" endtime="20231116 18:27:32.159"/>
</kw>
<kw name="Login Page Should Be Open" library="resource">
<kw name="Title Should Be" library="SeleniumLibrary">
<arg>Login</arg>
<doc>Verifies that the current page title equals ``title``.</doc>
<msg timestamp="20231116 18:27:32.163" level="INFO">Page title is 'Login'.</msg>
<status status="PASS" starttime="20231116 18:27:32.160" endtime="20231116 18:27:32.163"/>
</kw>
<status status="PASS" starttime="20231116 18:27:32.159" endtime="20231116 18:27:32.163"/>
</kw>
<status status="PASS" starttime="20231116 18:27:32.141" endtime="20231116 18:27:32.163"/>
</kw>
<kw name="Set Username">
<arg>kalle</arg>
<kw name="Input Text" library="SeleniumLibrary">
<arg>username</arg>
<arg>${username}</arg>
<doc>Types the given ``text`` into the text field identified by ``locator``.</doc>
<msg timestamp="20231116 18:27:32.164" level="INFO">Typing text 'kalle' into text field 'username'.</msg>
<status status="PASS" starttime="20231116 18:27:32.163" endtime="20231116 18:27:32.211"/>
</kw>
<status status="PASS" starttime="20231116 18:27:32.163" endtime="20231116 18:27:32.211"/>
</kw>
<kw name="Set Password">
<arg>kalle456</arg>
<kw name="Input Password" library="SeleniumLibrary">
<arg>password</arg>
<arg>${password}</arg>
<doc>Types the given password into the text field identified by ``locator``.</doc>
<msg timestamp="20231116 18:27:32.212" level="INFO">Typing password into text field 'password'.</msg>
<msg timestamp="20231116 18:27:32.237" level="INFO">Temporally setting log level to: NONE</msg>
<msg timestamp="20231116 18:27:32.265" level="INFO">Log level changed from NONE to INFO.</msg>
<status status="PASS" starttime="20231116 18:27:32.212" endtime="20231116 18:27:32.265"/>
</kw>
<status status="PASS" starttime="20231116 18:27:32.212" endtime="20231116 18:27:32.265"/>
</kw>
<kw name="Submit Credentials">
<kw name="Click Button" library="SeleniumLibrary">
<arg>Login</arg>
<doc>Clicks the button identified by ``locator``.</doc>
<msg timestamp="20231116 18:27:32.266" level="INFO">Clicking button 'Login'.</msg>
<status status="PASS" starttime="20231116 18:27:32.266" endtime="20231116 18:27:32.309"/>
</kw>
<status status="PASS" starttime="20231116 18:27:32.265" endtime="20231116 18:27:32.309"/>
</kw>
<kw name="Login Should Fail With Message">
<arg>Invalid username or password</arg>
<kw name="Login Page Should Be Open" library="resource">
<kw name="Title Should Be" library="SeleniumLibrary">
<arg>Login</arg>
<doc>Verifies that the current page title equals ``title``.</doc>
<msg timestamp="20231116 18:27:32.313" level="INFO">Page title is 'Login'.</msg>
<status status="PASS" starttime="20231116 18:27:32.310" endtime="20231116 18:27:32.313"/>
</kw>
<status status="PASS" starttime="20231116 18:27:32.310" endtime="20231116 18:27:32.313"/>
</kw>
<kw name="Page Should Contain" library="SeleniumLibrary">
<arg>${message}</arg>
<doc>Verifies that current page contains ``text``.</doc>
<msg timestamp="20231116 18:27:32.325" level="INFO">Current page contains text 'Invalid username or password'.</msg>
<status status="PASS" starttime="20231116 18:27:32.313" endtime="20231116 18:27:32.325"/>
</kw>
<status status="PASS" starttime="20231116 18:27:32.309" endtime="20231116 18:27:32.325"/>
</kw>
<status status="PASS" starttime="20231116 18:27:32.140" endtime="20231116 18:27:32.325"/>
</test>
<test id="s1-s2-t3" name="Login With Nonexistent Username" line="20">
<kw name="Create User And Go To Login Page" type="SETUP">
<kw name="Create User" library="AppLibrary">
<arg>kalle</arg>
<arg>kalle123</arg>
<status status="PASS" starttime="20231116 18:27:32.326" endtime="20231116 18:27:32.333"/>
</kw>
<kw name="Go To Login Page" library="resource">
<kw name="Go To" library="SeleniumLibrary">
<arg>${LOGIN_URL}</arg>
<doc>Navigates the current browser window to the provided ``url``.</doc>
<msg timestamp="20231116 18:27:32.334" level="INFO">Opening url 'http://localhost:5001/login'</msg>
<status status="PASS" starttime="20231116 18:27:32.334" endtime="20231116 18:27:32.344"/>
</kw>
<status status="PASS" starttime="20231116 18:27:32.333" endtime="20231116 18:27:32.344"/>
</kw>
<kw name="Login Page Should Be Open" library="resource">
<kw name="Title Should Be" library="SeleniumLibrary">
<arg>Login</arg>
<doc>Verifies that the current page title equals ``title``.</doc>
<msg timestamp="20231116 18:27:32.347" level="INFO">Page title is 'Login'.</msg>
<status status="PASS" starttime="20231116 18:27:32.344" endtime="20231116 18:27:32.347"/>
</kw>
<status status="PASS" starttime="20231116 18:27:32.344" endtime="20231116 18:27:32.347"/>
</kw>
<status status="PASS" starttime="20231116 18:27:32.326" endtime="20231116 18:27:32.347"/>
</kw>
<kw name="Set Username">
<arg>matti</arg>
<kw name="Input Text" library="SeleniumLibrary">
<arg>username</arg>
<arg>${username}</arg>
<doc>Types the given ``text`` into the text field identified by ``locator``.</doc>
<msg timestamp="20231116 18:27:32.348" level="INFO">Typing text 'matti' into text field 'username'.</msg>
<status status="PASS" starttime="20231116 18:27:32.347" endtime="20231116 18:27:32.402"/>
</kw>
<status status="PASS" starttime="20231116 18:27:32.347" endtime="20231116 18:27:32.402"/>
</kw>
<kw name="Set Password">
<arg>matti123</arg>
<kw name="Input Password" library="SeleniumLibrary">
<arg>password</arg>
<arg>${password}</arg>
<doc>Types the given password into the text field identified by ``locator``.</doc>
<msg timestamp="20231116 18:27:32.403" level="INFO">Typing password into text field 'password'.</msg>
<msg timestamp="20231116 18:27:32.425" level="INFO">Temporally setting log level to: NONE</msg>
<msg timestamp="20231116 18:27:32.452" level="INFO">Log level changed from NONE to INFO.</msg>
<status status="PASS" starttime="20231116 18:27:32.403" endtime="20231116 18:27:32.453"/>
</kw>
<status status="PASS" starttime="20231116 18:27:32.403" endtime="20231116 18:27:32.453"/>
</kw>
<kw name="Submit Credentials">
<kw name="Click Button" library="SeleniumLibrary">
<arg>Login</arg>
<doc>Clicks the button identified by ``locator``.</doc>
<msg timestamp="20231116 18:27:32.454" level="INFO">Clicking button 'Login'.</msg>
<status status="PASS" starttime="20231116 18:27:32.453" endtime="20231116 18:27:32.500"/>
</kw>
<status status="PASS" starttime="20231116 18:27:32.453" endtime="20231116 18:27:32.500"/>
</kw>
<kw name="Login Should Fail With Message">
<arg>Invalid username or password</arg>
<kw name="Login Page Should Be Open" library="resource">
<kw name="Title Should Be" library="SeleniumLibrary">
<arg>Login</arg>
<doc>Verifies that the current page title equals ``title``.</doc>
<msg timestamp="20231116 18:27:32.505" level="INFO">Page title is 'Login'.</msg>
<status status="PASS" starttime="20231116 18:27:32.501" endtime="20231116 18:27:32.505"/>
</kw>
<status status="PASS" starttime="20231116 18:27:32.501" endtime="20231116 18:27:32.505"/>
</kw>
<kw name="Page Should Contain" library="SeleniumLibrary">
<arg>${message}</arg>
<doc>Verifies that current page contains ``text``.</doc>
<msg timestamp="20231116 18:27:32.513" level="INFO">Current page contains text 'Invalid username or password'.</msg>
<status status="PASS" starttime="20231116 18:27:32.505" endtime="20231116 18:27:32.513"/>
</kw>
<status status="PASS" starttime="20231116 18:27:32.501" endtime="20231116 18:27:32.513"/>
</kw>
<status status="PASS" starttime="20231116 18:27:32.326" endtime="20231116 18:27:32.513"/>
</test>
<kw name="Close Browser" library="SeleniumLibrary" type="TEARDOWN">
<doc>Closes the current browser.</doc>
<status status="PASS" starttime="20231116 18:27:32.514" endtime="20231116 18:27:32.569"/>
</kw>
<status status="PASS" starttime="20231116 18:27:31.239" endtime="20231116 18:27:32.569"/>
</suite>
<suite id="s1-s3" name="Register" source="/home/hakkajoe/ohtu/palautusrepositorio/viikko3/web-login/src/tests/register.robot">
<kw name="Open And Configure Browser" library="resource" type="SETUP">
<kw name="Evaluate" library="BuiltIn">
<var>${options}</var>
<arg>sys.modules['selenium.webdriver'].ChromeOptions()</arg>
<arg>sys</arg>
<doc>Evaluates the given expression in Python and returns the result.</doc>
<msg timestamp="20231116 18:27:32.573" level="INFO">${options} = &lt;selenium.webdriver.chrome.options.Options object at 0x7f8e3daa7ee0&gt;</msg>
<status status="PASS" starttime="20231116 18:27:32.573" endtime="20231116 18:27:32.574"/>
</kw>
<kw name="Call Method" library="BuiltIn">
<arg>${options}</arg>
<arg>add_argument</arg>
<arg>--no-sandbox</arg>
<doc>Calls the named method of the given object with the provided arguments.</doc>
<status status="PASS" starttime="20231116 18:27:32.574" endtime="20231116 18:27:32.574"/>
</kw>
<kw name="Call Method" library="BuiltIn">
<arg>${options}</arg>
<arg>add_argument</arg>
<arg>--headless</arg>
<doc>Calls the named method of the given object with the provided arguments.</doc>
<status status="PASS" starttime="20231116 18:27:32.574" endtime="20231116 18:27:32.574"/>
</kw>
<kw name="Open Browser" library="SeleniumLibrary">
<arg>browser=chrome</arg>
<arg>options=${options}</arg>
<doc>Opens a new browser instance to the optional ``url``.</doc>
<msg timestamp="20231116 18:27:32.575" level="INFO">Opening browser 'chrome' to base url 'None'.</msg>
<status status="PASS" starttime="20231116 18:27:32.574" endtime="20231116 18:27:33.245"/>
</kw>
<kw name="Set Selenium Speed" library="SeleniumLibrary">
<arg>${DELAY}</arg>
<doc>Sets the delay that is waited after each Selenium command.</doc>
<status status="PASS" starttime="20231116 18:27:33.245" endtime="20231116 18:27:33.246"/>
</kw>
<status status="PASS" starttime="20231116 18:27:32.573" endtime="20231116 18:27:33.246"/>
</kw>
<test id="s1-s3-t1" name="Register With Valid Username And Password" line="9">
<kw name="Go To Register Page" library="resource" type="SETUP">
<kw name="Go To" library="SeleniumLibrary">
<arg>${REGISTER_URL}</arg>
<doc>Navigates the current browser window to the provided ``url``.</doc>
<msg timestamp="20231116 18:27:33.247" level="INFO">Opening url 'http://localhost:5001/register'</msg>
<status status="PASS" starttime="20231116 18:27:33.246" endtime="20231116 18:27:33.279"/>
</kw>
<status status="PASS" starttime="20231116 18:27:33.246" endtime="20231116 18:27:33.279"/>
</kw>
<kw name="Set Username">
<arg>kallekakkonen</arg>
<kw name="Input Text" library="SeleniumLibrary">
<arg>username</arg>
<arg>${username}</arg>
<doc>Types the given ``text`` into the text field identified by ``locator``.</doc>
<msg timestamp="20231116 18:27:33.281" level="INFO">Typing text 'kallekakkonen' into text field 'username'.</msg>
<status status="PASS" starttime="20231116 18:27:33.280" endtime="20231116 18:27:33.353"/>
</kw>
<status status="PASS" starttime="20231116 18:27:33.280" endtime="20231116 18:27:33.353"/>
</kw>
<kw name="Set Password">
<arg>kalle123</arg>
<kw name="Input Password" library="SeleniumLibrary">
<arg>password</arg>
<arg>${password}</arg>
<doc>Types the given password into the text field identified by ``locator``.</doc>
<msg timestamp="20231116 18:27:33.354" level="INFO">Typing password into text field 'password'.</msg>
<msg timestamp="20231116 18:27:33.379" level="INFO">Temporally setting log level to: NONE</msg>
<msg timestamp="20231116 18:27:33.409" level="INFO">Log level changed from NONE to INFO.</msg>
<status status="PASS" starttime="20231116 18:27:33.353" endtime="20231116 18:27:33.409"/>
</kw>
<status status="PASS" starttime="20231116 18:27:33.353" endtime="20231116 18:27:33.409"/>
</kw>
<kw name="Set Password Confirmation">
<arg>kalle123</arg>
<kw name="Input Password" library="SeleniumLibrary">
<arg>password_confirmation</arg>
<arg>${password_confirmation}</arg>
<doc>Types the given password into the text field identified by ``locator``.</doc>
<msg timestamp="20231116 18:27:33.410" level="INFO">Typing password into text field 'password_confirmation'.</msg>
<msg timestamp="20231116 18:27:33.440" level="INFO">Temporally setting log level to: NONE</msg>
<msg timestamp="20231116 18:27:33.469" level="INFO">Log level changed from NONE to INFO.</msg>
<status status="PASS" starttime="20231116 18:27:33.410" endtime="20231116 18:27:33.469"/>
</kw>
<status status="PASS" starttime="20231116 18:27:33.409" endtime="20231116 18:27:33.469"/>
</kw>
<kw name="Submit Credentials">
<kw name="Click Button" library="SeleniumLibrary">
<arg>Register</arg>
<doc>Clicks the button identified by ``locator``.</doc>
<msg timestamp="20231116 18:27:33.470" level="INFO">Clicking button 'Register'.</msg>
<status status="PASS" starttime="20231116 18:27:33.469" endtime="20231116 18:27:33.522"/>
</kw>
<status status="PASS" starttime="20231116 18:27:33.469" endtime="20231116 18:27:33.522"/>
</kw>
<kw name="Register Should Succeed">
<kw name="Main Page After Registration Should Be Open" library="resource">
<kw name="Title Should Be" library="SeleniumLibrary">
<arg>Welcome to Ohtu Application!</arg>
<doc>Verifies that the current page title equals ``title``.</doc>
<msg timestamp="20231116 18:27:33.526" level="INFO">Page title is 'Welcome to Ohtu Application!'.</msg>
<status status="PASS" starttime="20231116 18:27:33.523" endtime="20231116 18:27:33.526"/>
</kw>
<status status="PASS" starttime="20231116 18:27:33.522" endtime="20231116 18:27:33.526"/>
</kw>
<status status="PASS" starttime="20231116 18:27:33.522" endtime="20231116 18:27:33.527"/>
</kw>
<status status="PASS" starttime="20231116 18:27:33.246" endtime="20231116 18:27:33.527"/>
</test>
<test id="s1-s3-t2" name="Register With Too Short Username And Valid Password" line="16">
<kw name="Go To Register Page" library="resource" type="SETUP">
<kw name="Go To" library="SeleniumLibrary">
<arg>${REGISTER_URL}</arg>
<doc>Navigates the current browser window to the provided ``url``.</doc>
<msg timestamp="20231116 18:27:33.528" level="INFO">Opening url 'http://localhost:5001/register'</msg>
<status status="PASS" starttime="20231116 18:27:33.528" endtime="20231116 18:27:33.539"/>
</kw>
<status status="PASS" starttime="20231116 18:27:33.527" endtime="20231116 18:27:33.540"/>
</kw>
<kw name="Set Username">
<arg>ka</arg>
<kw name="Input Text" library="SeleniumLibrary">
<arg>username</arg>
<arg>${username}</arg>
<doc>Types the given ``text`` into the text field identified by ``locator``.</doc>
<msg timestamp="20231116 18:27:33.541" level="INFO">Typing text 'ka' into text field 'username'.</msg>
<status status="PASS" starttime="20231116 18:27:33.540" endtime="20231116 18:27:33.591"/>
</kw>
<status status="PASS" starttime="20231116 18:27:33.540" endtime="20231116 18:27:33.591"/>
</kw>
<kw name="Set Password">
<arg>kalle123</arg>
<kw name="Input Password" library="SeleniumLibrary">
<arg>password</arg>
<arg>${password}</arg>
<doc>Types the given password into the text field identified by ``locator``.</doc>
<msg timestamp="20231116 18:27:33.592" level="INFO">Typing password into text field 'password'.</msg>
<msg timestamp="20231116 18:27:33.616" level="INFO">Temporally setting log level to: NONE</msg>
<msg timestamp="20231116 18:27:33.643" level="INFO">Log level changed from NONE to INFO.</msg>
<status status="PASS" starttime="20231116 18:27:33.592" endtime="20231116 18:27:33.643"/>
</kw>
<status status="PASS" starttime="20231116 18:27:33.591" endtime="20231116 18:27:33.643"/>
</kw>
<kw name="Set Password Confirmation">
<arg>kalle123</arg>
<kw name="Input Password" library="SeleniumLibrary">
<arg>password_confirmation</arg>
<arg>${password_confirmation}</arg>
<doc>Types the given password into the text field identified by ``locator``.</doc>
<msg timestamp="20231116 18:27:33.644" level="INFO">Typing password into text field 'password_confirmation'.</msg>
<msg timestamp="20231116 18:27:33.667" level="INFO">Temporally setting log level to: NONE</msg>
<msg timestamp="20231116 18:27:33.694" level="INFO">Log level changed from NONE to INFO.</msg>
<status status="PASS" starttime="20231116 18:27:33.644" endtime="20231116 18:27:33.694"/>
</kw>
<status status="PASS" starttime="20231116 18:27:33.644" endtime="20231116 18:27:33.694"/>
</kw>
<kw name="Submit Credentials">
<kw name="Click Button" library="SeleniumLibrary">
<arg>Register</arg>
<doc>Clicks the button identified by ``locator``.</doc>
<msg timestamp="20231116 18:27:33.695" level="INFO">Clicking button 'Register'.</msg>
<status status="PASS" starttime="20231116 18:27:33.695" endtime="20231116 18:27:33.738"/>
</kw>
<status status="PASS" starttime="20231116 18:27:33.694" endtime="20231116 18:27:33.738"/>
</kw>
<kw name="Register Should Fail With Message">
<arg>Invalid username</arg>
<kw name="Register Page Should Be Open" library="resource">
<kw name="Title Should Be" library="SeleniumLibrary">
<arg>Register</arg>
<doc>Verifies that the current page title equals ``title``.</doc>
<msg timestamp="20231116 18:27:33.754" level="INFO">Page title is 'Register'.</msg>
<status status="PASS" starttime="20231116 18:27:33.739" endtime="20231116 18:27:33.754"/>
</kw>
<status status="PASS" starttime="20231116 18:27:33.739" endtime="20231116 18:27:33.754"/>
</kw>
<kw name="Page Should Contain" library="SeleniumLibrary">
<arg>${message}</arg>
<doc>Verifies that current page contains ``text``.</doc>
<msg timestamp="20231116 18:27:33.765" level="INFO">Current page contains text 'Invalid username'.</msg>
<status status="PASS" starttime="20231116 18:27:33.754" endtime="20231116 18:27:33.765"/>
</kw>
<status status="PASS" starttime="20231116 18:27:33.739" endtime="20231116 18:27:33.765"/>
</kw>
<status status="PASS" starttime="20231116 18:27:33.527" endtime="20231116 18:27:33.766"/>
</test>
<test id="s1-s3-t3" name="Register With Valid Username And Invalid Password" line="23">
<kw name="Go To Register Page" library="resource" type="SETUP">
<kw name="Go To" library="SeleniumLibrary">
<arg>${REGISTER_URL}</arg>
<doc>Navigates the current browser window to the provided ``url``.</doc>
<msg timestamp="20231116 18:27:33.767" level="INFO">Opening url 'http://localhost:5001/register'</msg>
<status status="PASS" starttime="20231116 18:27:33.767" endtime="20231116 18:27:33.776"/>
</kw>
<status status="PASS" starttime="20231116 18:27:33.766" endtime="20231116 18:27:33.776"/>
</kw>
<kw name="Set Username">
<arg>kalle</arg>
<kw name="Input Text" library="SeleniumLibrary">
<arg>username</arg>
<arg>${username}</arg>
<doc>Types the given ``text`` into the text field identified by ``locator``.</doc>
<msg timestamp="20231116 18:27:33.777" level="INFO">Typing text 'kalle' into text field 'username'.</msg>
<status status="PASS" starttime="20231116 18:27:33.777" endtime="20231116 18:27:33.829"/>
</kw>
<status status="PASS" starttime="20231116 18:27:33.777" endtime="20231116 18:27:33.829"/>
</kw>
<kw name="Set Password">
<arg>123456789</arg>
<kw name="Input Password" library="SeleniumLibrary">
<arg>password</arg>
<arg>${password}</arg>
<doc>Types the given password into the text field identified by ``locator``.</doc>
<msg timestamp="20231116 18:27:33.830" level="INFO">Typing password into text field 'password'.</msg>
<msg timestamp="20231116 18:27:33.853" level="INFO">Temporally setting log level to: NONE</msg>
<msg timestamp="20231116 18:27:33.880" level="INFO">Log level changed from NONE to INFO.</msg>
<status status="PASS" starttime="20231116 18:27:33.829" endtime="20231116 18:27:33.881"/>
</kw>
<status status="PASS" starttime="20231116 18:27:33.829" endtime="20231116 18:27:33.881"/>
</kw>
<kw name="Set Password Confirmation">
<arg>123456789</arg>
<kw name="Input Password" library="SeleniumLibrary">
<arg>password_confirmation</arg>
<arg>${password_confirmation}</arg>
<doc>Types the given password into the text field identified by ``locator``.</doc>
<msg timestamp="20231116 18:27:33.882" level="INFO">Typing password into text field 'password_confirmation'.</msg>
<msg timestamp="20231116 18:27:33.905" level="INFO">Temporally setting log level to: NONE</msg>
<msg timestamp="20231116 18:27:33.932" level="INFO">Log level changed from NONE to INFO.</msg>
<status status="PASS" starttime="20231116 18:27:33.881" endtime="20231116 18:27:33.932"/>
</kw>
<status status="PASS" starttime="20231116 18:27:33.881" endtime="20231116 18:27:33.932"/>
</kw>
<kw name="Submit Credentials">
<kw name="Click Button" library="SeleniumLibrary">
<arg>Register</arg>
<doc>Clicks the button identified by ``locator``.</doc>
<msg timestamp="20231116 18:27:33.933" level="INFO">Clicking button 'Register'.</msg>
<status status="PASS" starttime="20231116 18:27:33.933" endtime="20231116 18:27:33.977"/>
</kw>
<status status="PASS" starttime="20231116 18:27:33.933" endtime="20231116 18:27:33.977"/>
</kw>
<kw name="Register Should Fail With Message">
<arg>Invalid password</arg>
<kw name="Register Page Should Be Open" library="resource">
<kw name="Title Should Be" library="SeleniumLibrary">
<arg>Register</arg>
<doc>Verifies that the current page title equals ``title``.</doc>
<msg timestamp="20231116 18:27:33.981" level="INFO">Page title is 'Register'.</msg>
<status status="PASS" starttime="20231116 18:27:33.978" endtime="20231116 18:27:33.981"/>
</kw>
<status status="PASS" starttime="20231116 18:27:33.978" endtime="20231116 18:27:33.981"/>
</kw>
<kw name="Page Should Contain" library="SeleniumLibrary">
<arg>${message}</arg>
<doc>Verifies that current page contains ``text``.</doc>
<msg timestamp="20231116 18:27:33.995" level="INFO">Current page contains text 'Invalid password'.</msg>
<status status="PASS" starttime="20231116 18:27:33.981" endtime="20231116 18:27:33.995"/>
</kw>
<status status="PASS" starttime="20231116 18:27:33.978" endtime="20231116 18:27:33.995"/>
</kw>
<status status="PASS" starttime="20231116 18:27:33.766" endtime="20231116 18:27:33.995"/>
</test>
<test id="s1-s3-t4" name="Register With Nonmatching Password And Password Confirmation" line="30">
<kw name="Go To Register Page" library="resource" type="SETUP">
<kw name="Go To" library="SeleniumLibrary">
<arg>${REGISTER_URL}</arg>
<doc>Navigates the current browser window to the provided ``url``.</doc>
<msg timestamp="20231116 18:27:33.996" level="INFO">Opening url 'http://localhost:5001/register'</msg>
<status status="PASS" starttime="20231116 18:27:33.996" endtime="20231116 18:27:34.006"/>
</kw>
<status status="PASS" starttime="20231116 18:27:33.996" endtime="20231116 18:27:34.007"/>
</kw>
<kw name="Set Username">
<arg>kalle</arg>
<kw name="Input Text" library="SeleniumLibrary">
<arg>username</arg>
<arg>${username}</arg>
<doc>Types the given ``text`` into the text field identified by ``locator``.</doc>
<msg timestamp="20231116 18:27:34.008" level="INFO">Typing text 'kalle' into text field 'username'.</msg>
<status status="PASS" starttime="20231116 18:27:34.007" endtime="20231116 18:27:34.062"/>
</kw>
<status status="PASS" starttime="20231116 18:27:34.007" endtime="20231116 18:27:34.062"/>
</kw>
<kw name="Set Password">
<arg>kalle123</arg>
<kw name="Input Password" library="SeleniumLibrary">
<arg>password</arg>
<arg>${password}</arg>
<doc>Types the given password into the text field identified by ``locator``.</doc>
<msg timestamp="20231116 18:27:34.063" level="INFO">Typing password into text field 'password'.</msg>
<msg timestamp="20231116 18:27:34.088" level="INFO">Temporally setting log level to: NONE</msg>
<msg timestamp="20231116 18:27:34.119" level="INFO">Log level changed from NONE to INFO.</msg>
<status status="PASS" starttime="20231116 18:27:34.063" endtime="20231116 18:27:34.120"/>
</kw>
<status status="PASS" starttime="20231116 18:27:34.062" endtime="20231116 18:27:34.120"/>
</kw>
<kw name="Set Password Confirmation">
<arg>kalle1234</arg>
<kw name="Input Password" library="SeleniumLibrary">
<arg>password_confirmation</arg>
<arg>${password_confirmation}</arg>
<doc>Types the given password into the text field identified by ``locator``.</doc>
<msg timestamp="20231116 18:27:34.121" level="INFO">Typing password into text field 'password_confirmation'.</msg>
<msg timestamp="20231116 18:27:34.144" level="INFO">Temporally setting log level to: NONE</msg>
<msg timestamp="20231116 18:27:34.176" level="INFO">Log level changed from NONE to INFO.</msg>
<status status="PASS" starttime="20231116 18:27:34.120" endtime="20231116 18:27:34.176"/>
</kw>
<status status="PASS" starttime="20231116 18:27:34.120" endtime="20231116 18:27:34.176"/>
</kw>
<kw name="Submit Credentials">
<kw name="Click Button" library="SeleniumLibrary">
<arg>Register</arg>
<doc>Clicks the button identified by ``locator``.</doc>
<msg timestamp="20231116 18:27:34.177" level="INFO">Clicking button 'Register'.</msg>
<status status="PASS" starttime="20231116 18:27:34.177" endtime="20231116 18:27:34.224"/>
</kw>
<status status="PASS" starttime="20231116 18:27:34.177" endtime="20231116 18:27:34.224"/>
</kw>
<kw name="Register Should Fail With Message">
<arg>Passwords do not match</arg>
<kw name="Register Page Should Be Open" library="resource">
<kw name="Title Should Be" library="SeleniumLibrary">
<arg>Register</arg>
<doc>Verifies that the current page title equals ``title``.</doc>
<msg timestamp="20231116 18:27:34.228" level="INFO">Page title is 'Register'.</msg>
<status status="PASS" starttime="20231116 18:27:34.225" endtime="20231116 18:27:34.228"/>
</kw>
<status status="PASS" starttime="20231116 18:27:34.225" endtime="20231116 18:27:34.228"/>
</kw>
<kw name="Page Should Contain" library="SeleniumLibrary">
<arg>${message}</arg>
<doc>Verifies that current page contains ``text``.</doc>
<msg timestamp="20231116 18:27:34.240" level="INFO">Current page contains text 'Passwords do not match'.</msg>
<status status="PASS" starttime="20231116 18:27:34.228" endtime="20231116 18:27:34.240"/>
</kw>
<status status="PASS" starttime="20231116 18:27:34.224" endtime="20231116 18:27:34.240"/>
</kw>
<status status="PASS" starttime="20231116 18:27:33.995" endtime="20231116 18:27:34.241"/>
</test>
<test id="s1-s3-t5" name="Login After Successful Registration" line="37">
<kw name="Go To Register Page" library="resource" type="SETUP">
<kw name="Go To" library="SeleniumLibrary">
<arg>${REGISTER_URL}</arg>
<doc>Navigates the current browser window to the provided ``url``.</doc>
<msg timestamp="20231116 18:27:34.242" level="INFO">Opening url 'http://localhost:5001/register'</msg>
<status status="PASS" starttime="20231116 18:27:34.242" endtime="20231116 18:27:34.252"/>
</kw>
<status status="PASS" starttime="20231116 18:27:34.241" endtime="20231116 18:27:34.252"/>
</kw>
<kw name="Set Username">
<arg>kallekolmonen</arg>
<kw name="Input Text" library="SeleniumLibrary">
<arg>username</arg>
<arg>${username}</arg>
<doc>Types the given ``text`` into the text field identified by ``locator``.</doc>
<msg timestamp="20231116 18:27:34.254" level="INFO">Typing text 'kallekolmonen' into text field 'username'.</msg>
<status status="PASS" starttime="20231116 18:27:34.253" endtime="20231116 18:27:34.310"/>
</kw>
<status status="PASS" starttime="20231116 18:27:34.253" endtime="20231116 18:27:34.310"/>
</kw>
<kw name="Set Password">
<arg>kalle123</arg>
<kw name="Input Password" library="SeleniumLibrary">
<arg>password</arg>
<arg>${password}</arg>
<doc>Types the given password into the text field identified by ``locator``.</doc>
<msg timestamp="20231116 18:27:34.311" level="INFO">Typing password into text field 'password'.</msg>
<msg timestamp="20231116 18:27:34.335" level="INFO">Temporally setting log level to: NONE</msg>
<msg timestamp="20231116 18:27:34.364" level="INFO">Log level changed from NONE to INFO.</msg>
<status status="PASS" starttime="20231116 18:27:34.311" endtime="20231116 18:27:34.364"/>
</kw>
<status status="PASS" starttime="20231116 18:27:34.310" endtime="20231116 18:27:34.364"/>
</kw>
<kw name="Set Password Confirmation">
<arg>kalle123</arg>
<kw name="Input Password" library="SeleniumLibrary">
<arg>password_confirmation</arg>
<arg>${password_confirmation}</arg>
<doc>Types the given password into the text field identified by ``locator``.</doc>
<msg timestamp="20231116 18:27:34.365" level="INFO">Typing password into text field 'password_confirmation'.</msg>
<msg timestamp="20231116 18:27:34.390" level="INFO">Temporally setting log level to: NONE</msg>
<msg timestamp="20231116 18:27:34.418" level="INFO">Log level changed from NONE to INFO.</msg>
<status status="PASS" starttime="20231116 18:27:34.365" endtime="20231116 18:27:34.418"/>
</kw>
<status status="PASS" starttime="20231116 18:27:34.364" endtime="20231116 18:27:34.418"/>
</kw>
<kw name="Submit Credentials">
<kw name="Click Button" library="SeleniumLibrary">
<arg>Register</arg>
<doc>Clicks the button identified by ``locator``.</doc>
<msg timestamp="20231116 18:27:34.419" level="INFO">Clicking button 'Register'.</msg>
<status status="PASS" starttime="20231116 18:27:34.419" endtime="20231116 18:27:34.464"/>
</kw>
<status status="PASS" starttime="20231116 18:27:34.419" endtime="20231116 18:27:34.464"/>
</kw>
<kw name="Go To Login Page" library="resource">
<kw name="Go To" library="SeleniumLibrary">
<arg>${LOGIN_URL}</arg>
<doc>Navigates the current browser window to the provided ``url``.</doc>
<msg timestamp="20231116 18:27:34.465" level="INFO">Opening url 'http://localhost:5001/login'</msg>
<status status="PASS" starttime="20231116 18:27:34.464" endtime="20231116 18:27:34.475"/>
</kw>
<status status="PASS" starttime="20231116 18:27:34.464" endtime="20231116 18:27:34.475"/>
</kw>
<kw name="Set Username">
<arg>kallekolmonen</arg>
<kw name="Input Text" library="SeleniumLibrary">
<arg>username</arg>
<arg>${username}</arg>
<doc>Types the given ``text`` into the text field identified by ``locator``.</doc>
<msg timestamp="20231116 18:27:34.477" level="INFO">Typing text 'kallekolmonen' into text field 'username'.</msg>
<status status="PASS" starttime="20231116 18:27:34.476" endtime="20231116 18:27:34.531"/>
</kw>
<status status="PASS" starttime="20231116 18:27:34.476" endtime="20231116 18:27:34.531"/>
</kw>
<kw name="Set Password">
<arg>kalle123</arg>
<kw name="Input Password" library="SeleniumLibrary">
<arg>password</arg>
<arg>${password}</arg>
<doc>Types the given password into the text field identified by ``locator``.</doc>
<msg timestamp="20231116 18:27:34.532" level="INFO">Typing password into text field 'password'.</msg>
<msg timestamp="20231116 18:27:34.556" level="INFO">Temporally setting log level to: NONE</msg>
<msg timestamp="20231116 18:27:34.585" level="INFO">Log level changed from NONE to INFO.</msg>
<status status="PASS" starttime="20231116 18:27:34.531" endtime="20231116 18:27:34.585"/>
</kw>
<status status="PASS" starttime="20231116 18:27:34.531" endtime="20231116 18:27:34.585"/>
</kw>
<kw name="Submit Credentials Login">
<kw name="Click Button" library="SeleniumLibrary">
<arg>Login</arg>
<doc>Clicks the button identified by ``locator``.</doc>
<msg timestamp="20231116 18:27:34.586" level="INFO">Clicking button 'Login'.</msg>
<status status="PASS" starttime="20231116 18:27:34.586" endtime="20231116 18:27:34.642"/>
</kw>
<status status="PASS" starttime="20231116 18:27:34.585" endtime="20231116 18:27:34.642"/>
</kw>
<kw name="Login Should Succeed">
<kw name="Main Page Should Be Open" library="resource">
<kw name="Title Should Be" library="SeleniumLibrary">
<arg>Ohtu Application main page</arg>
<doc>Verifies that the current page title equals ``title``.</doc>
<msg timestamp="20231116 18:27:34.646" level="INFO">Page title is 'Ohtu Application main page'.</msg>
<status status="PASS" starttime="20231116 18:27:34.643" endtime="20231116 18:27:34.646"/>
</kw>
<status status="PASS" starttime="20231116 18:27:34.643" endtime="20231116 18:27:34.646"/>
</kw>
<status status="PASS" starttime="20231116 18:27:34.642" endtime="20231116 18:27:34.646"/>
</kw>
<status status="PASS" starttime="20231116 18:27:34.241" endtime="20231116 18:27:34.647"/>
</test>
<test id="s1-s3-t6" name="Login After Failed Registration" line="48">
<kw name="Go To Register Page" library="resource" type="SETUP">
<kw name="Go To" library="SeleniumLibrary">
<arg>${REGISTER_URL}</arg>
<doc>Navigates the current browser window to the provided ``url``.</doc>
<msg timestamp="20231116 18:27:34.648" level="INFO">Opening url 'http://localhost:5001/register'</msg>
<status status="PASS" starttime="20231116 18:27:34.648" endtime="20231116 18:27:34.658"/>
</kw>
<status status="PASS" starttime="20231116 18:27:34.647" endtime="20231116 18:27:34.658"/>
</kw>
<kw name="Set Username">
<arg>ka</arg>
<kw name="Input Text" library="SeleniumLibrary">
<arg>username</arg>
<arg>${username}</arg>
<doc>Types the given ``text`` into the text field identified by ``locator``.</doc>
<msg timestamp="20231116 18:27:34.659" level="INFO">Typing text 'ka' into text field 'username'.</msg>
<status status="PASS" starttime="20231116 18:27:34.658" endtime="20231116 18:27:34.711"/>
</kw>
<status status="PASS" starttime="20231116 18:27:34.658" endtime="20231116 18:27:34.711"/>
</kw>
<kw name="Set Password">
<arg>kalle123</arg>
<kw name="Input Password" library="SeleniumLibrary">
<arg>password</arg>
<arg>${password}</arg>
<doc>Types the given password into the text field identified by ``locator``.</doc>
<msg timestamp="20231116 18:27:34.712" level="INFO">Typing password into text field 'password'.</msg>
<msg timestamp="20231116 18:27:34.738" level="INFO">Temporally setting log level to: NONE</msg>
<msg timestamp="20231116 18:27:34.772" level="INFO">Log level changed from NONE to INFO.</msg>
<status status="PASS" starttime="20231116 18:27:34.712" endtime="20231116 18:27:34.772"/>
</kw>
<status status="PASS" starttime="20231116 18:27:34.711" endtime="20231116 18:27:34.772"/>
</kw>
<kw name="Set Password Confirmation">
<arg>kalle123</arg>
<kw name="Input Password" library="SeleniumLibrary">
<arg>password_confirmation</arg>
<arg>${password_confirmation}</arg>
<doc>Types the given password into the text field identified by ``locator``.</doc>
<msg timestamp="20231116 18:27:34.773" level="INFO">Typing password into text field 'password_confirmation'.</msg>
<msg timestamp="20231116 18:27:34.796" level="INFO">Temporally setting log level to: NONE</msg>
<msg timestamp="20231116 18:27:34.826" level="INFO">Log level changed from NONE to INFO.</msg>
<status status="PASS" starttime="20231116 18:27:34.773" endtime="20231116 18:27:34.826"/>
</kw>
<status status="PASS" starttime="20231116 18:27:34.772" endtime="20231116 18:27:34.826"/>
</kw>
<kw name="Submit Credentials">
<kw name="Click Button" library="SeleniumLibrary">
<arg>Register</arg>
<doc>Clicks the button identified by ``locator``.</doc>
<msg timestamp="20231116 18:27:34.827" level="INFO">Clicking button 'Register'.</msg>
<status status="PASS" starttime="20231116 18:27:34.826" endtime="20231116 18:27:34.875"/>
</kw>
<status status="PASS" starttime="20231116 18:27:34.826" endtime="20231116 18:27:34.875"/>
</kw>
<kw name="Go To Login Page" library="resource">
<kw name="Go To" library="SeleniumLibrary">
<arg>${LOGIN_URL}</arg>
<doc>Navigates the current browser window to the provided ``url``.</doc>
<msg timestamp="20231116 18:27:34.876" level="INFO">Opening url 'http://localhost:5001/login'</msg>
<status status="PASS" starttime="20231116 18:27:34.876" endtime="20231116 18:27:34.886"/>
</kw>
<status status="PASS" starttime="20231116 18:27:34.876" endtime="20231116 18:27:34.886"/>
</kw>
<kw name="Set Username">
<arg>ka</arg>
<kw name="Input Text" library="SeleniumLibrary">
<arg>username</arg>
<arg>${username}</arg>
<doc>Types the given ``text`` into the text field identified by ``locator``.</doc>
<msg timestamp="20231116 18:27:34.887" level="INFO">Typing text 'ka' into text field 'username'.</msg>
<status status="PASS" starttime="20231116 18:27:34.887" endtime="20231116 18:27:34.939"/>
</kw>
<status status="PASS" starttime="20231116 18:27:34.887" endtime="20231116 18:27:34.939"/>
</kw>
<kw name="Set Password">
<arg>kalle123</arg>
<kw name="Input Password" library="SeleniumLibrary">
<arg>password</arg>
<arg>${password}</arg>
<doc>Types the given password into the text field identified by ``locator``.</doc>
<msg timestamp="20231116 18:27:34.940" level="INFO">Typing password into text field 'password'.</msg>
<msg timestamp="20231116 18:27:34.965" level="INFO">Temporally setting log level to: NONE</msg>
<msg timestamp="20231116 18:27:34.994" level="INFO">Log level changed from NONE to INFO.</msg>
<status status="PASS" starttime="20231116 18:27:34.939" endtime="20231116 18:27:34.994"/>
</kw>
<status status="PASS" starttime="20231116 18:27:34.939" endtime="20231116 18:27:34.994"/>
</kw>
<kw name="Submit Credentials Login">
<kw name="Click Button" library="SeleniumLibrary">
<arg>Login</arg>
<doc>Clicks the button identified by ``locator``.</doc>
<msg timestamp="20231116 18:27:34.995" level="INFO">Clicking button 'Login'.</msg>
<status status="PASS" starttime="20231116 18:27:34.995" endtime="20231116 18:27:35.041"/>
</kw>
<status status="PASS" starttime="20231116 18:27:34.994" endtime="20231116 18:27:35.042"/>
</kw>
<kw name="Login Should Fail With Message">
<arg>Invalid username or password</arg>
<kw name="Login Page Should Be Open" library="resource">
<kw name="Title Should Be" library="SeleniumLibrary">
<arg>Login</arg>
<doc>Verifies that the current page title equals ``title``.</doc>
<msg timestamp="20231116 18:27:35.046" level="INFO">Page title is 'Login'.</msg>
<status status="PASS" starttime="20231116 18:27:35.042" endtime="20231116 18:27:35.046"/>
</kw>
<status status="PASS" starttime="20231116 18:27:35.042" endtime="20231116 18:27:35.046"/>
</kw>
<kw name="Page Should Contain" library="SeleniumLibrary">
<arg>${message}</arg>
<doc>Verifies that current page contains ``text``.</doc>
<msg timestamp="20231116 18:27:35.058" level="INFO">Current page contains text 'Invalid username or password'.</msg>
<status status="PASS" starttime="20231116 18:27:35.046" endtime="20231116 18:27:35.059"/>
</kw>
<status status="PASS" starttime="20231116 18:27:35.042" endtime="20231116 18:27:35.059"/>
</kw>
<status status="PASS" starttime="20231116 18:27:34.647" endtime="20231116 18:27:35.059"/>
</test>
<kw name="Close Browser" library="SeleniumLibrary" type="TEARDOWN">
<doc>Closes the current browser.</doc>
<status status="PASS" starttime="20231116 18:27:35.060" endtime="20231116 18:27:35.116"/>
</kw>
<status status="PASS" starttime="20231116 18:27:32.570" endtime="20231116 18:27:35.116"/>
</suite>
<status status="PASS" starttime="20231116 18:27:30.228" endtime="20231116 18:27:35.117"/>
</suite>
<statistics>
<total>
<stat pass="11" fail="0" skip="0">All Tests</stat>
</total>
<tag>
</tag>
<suite>
<stat pass="11" fail="0" skip="0" id="s1" name="Tests">Tests</stat>
<stat pass="2" fail="0" skip="0" id="s1-s1" name="Home">Tests.Home</stat>
<stat pass="3" fail="0" skip="0" id="s1-s2" name="Login">Tests.Login</stat>
<stat pass="6" fail="0" skip="0" id="s1-s3" name="Register">Tests.Register</stat>
</suite>
</statistics>
<errors>
</errors>
</robot>
